[0m2021.04.25 22:25:06 INFO  Started: Metals version 0.10.2 in workspace 'C:\Users\koolm\Desktop\Scala_FP_Tasks\Learning-Journey-2' for client vscode 1.55.2.[0m
[0m2021.04.25 22:25:06 INFO  time: initialize in 0.82s[0m
[0m2021.04.25 22:25:09 INFO  Attempting to connect to the build server...[0m
[0m2021.04.25 22:25:09 WARN  no build target for: C:\Users\koolm\Desktop\Scala_FP_Tasks\Learning-Journey-2\Exercise3.scala[0m
Starting the bsp launcher for bloop...
Opening a bsp server connection with 'bsp --protocol tcp --port 22515'...
Waiting for the bsp connection to come up...
Waiting for the bsp connection to come up...
[0m2021.04.25 22:25:14 INFO  no build target: using presentation compiler with only scala-library: 2.12.13[0m
Waiting for the bsp connection to come up...
Waiting for the bsp connection to come up...
Waiting for the bsp connection to come up...
[0m2021.04.25 22:25:20 INFO  time: code lens generation in 10s[0m
Waiting for the bsp connection to come up...
Waiting for the bsp connection to come up...
[0m2021.04.25 22:25:24 WARN  no build target for: C:\Users\koolm\Desktop\Scala_FP_Tasks\Learning-Journey-2\Exercise4.scala[0m
Waiting for the bsp connection to come up...
Waiting for the bsp connection to come up...
No server running at 127.0.0.1:8212, let's fire one...
Resolving ch.epfl.scala:bloop-frontend_2.12:1.4.8-19-4d9f966b...
Starting bloop server at 127.0.0.1:8212...
Attempting a connection to the server...
[0m[32m[D][0m Waiting for a connection at 127.0.0.1:22515...
The server is listening for incoming connections at tcp://127.0.0.1:22515...
Starting thread that pumps stdin and redirects it to the bsp server...
Starting thread that pumps server stdout and redirects it to the client stdout...
[0m2021.04.25 22:25:29 INFO  tracing is disabled for protocol BSP, to enable tracing of incoming and outgoing JSON messages create an empty file at C:\Users\koolm\AppData\Local\scalameta\metals\cache\bsp.trace.json[0m
[0m2021.04.25 22:25:29 INFO  time: Connected to build server in 21s[0m
[0m2021.04.25 22:25:29 INFO  Connected to Build server: Bloop v1.4.8-19-4d9f966b[0m
[0m2021.04.25 22:25:30 ERROR Empty build targets. Expected at least one build target identifier.[0m
[0m2021.04.25 22:25:30 ERROR Empty build targets. Expected at least one build target identifier.[0m
[0m2021.04.25 22:25:30 ERROR Empty build targets. Expected at least one build target identifier.[0m
[0m2021.04.25 22:25:30 INFO  time: Imported build in 0.12s[0m
[0m2021.04.25 22:25:30 WARN  Could not find java sources in None. Java symbols will not be available.[0m
[0m2021.04.25 22:25:30 INFO  time: indexed workspace in 0.54s[0m
[0m2021.04.25 22:25:30 WARN  no build target for: C:\Users\koolm\Desktop\Scala_FP_Tasks\Learning-Journey-2\Exercise4.scala[0m
[0m2021.04.25 22:25:31 INFO  no build target: using presentation compiler with only scala-library: 2.12.13[0m
[0m2021.04.25 22:26:00 WARN  no build target for: C:\Users\koolm\Desktop\Scala_FP_Tasks\Learning-Journey-2\Task1.scala[0m
[0m2021.04.25 22:26:01 INFO  time: code lens generation in 1.05s[0m
[0m2021.04.25 22:26:35 WARN  no build target for: C:\Users\koolm\Desktop\Scala_FP_Tasks\Learning-Journey-2\Task2.scala[0m
[0m2021.04.25 22:27:10 WARN  no build target for: C:\Users\koolm\Desktop\Scala_FP_Tasks\Learning-Journey-2\Task3.scala[0m
[0m2021.04.25 22:27:39 WARN  no build target for: C:\Users\koolm\Desktop\Scala_FP_Tasks\Learning-Journey-2\Task4.scala[0m
[0m2021.04.25 22:28:21 WARN  no build target for: C:\Users\koolm\Desktop\Scala_FP_Tasks\Learning-Journey-2\Task5.scala[0m
[0m2021.04.25 22:29:30 INFO  shutting down Metals[0m
[0m2021.04.25 22:29:30 INFO  Shut down connection with build server.[0m
No more data in the client stdin, exiting...
No more data in the server stdin, exiting...
[0m2021.04.25 22:37:56 INFO  Started: Metals version 0.10.2 in workspace 'C:\Users\koolm\Desktop\Scala_FP_Tasks\Learning-Journey-2' for client vscode 1.55.2.[0m
[0m2021.04.25 22:37:57 INFO  time: initialize in 0.78s[0m
[0m2021.04.25 22:37:58 INFO  Attempting to connect to the build server...[0m
[0m2021.04.25 22:37:57 WARN  no build target for: C:\Users\koolm\Desktop\Scala_FP_Tasks\Learning-Journey-2\Task5.scala[0m
[0m2021.04.25 22:37:58 INFO  skipping build import with status 'Requested'[0m
Starting the bsp launcher for bloop...
Opening a bsp server connection with 'bsp --protocol tcp --port 17269'...
Waiting for the bsp connection to come up...
[0m[32m[D][0m Waiting for a connection at 127.0.0.1:17269...
The server is listening for incoming connections at tcp://127.0.0.1:17269...
Starting thread that pumps stdin and redirects it to the bsp server...
Starting thread that pumps server stdout and redirects it to the client stdout...
[0m2021.04.25 22:38:01 INFO  tracing is disabled for protocol BSP, to enable tracing of incoming and outgoing JSON messages create an empty file at C:\Users\koolm\AppData\Local\scalameta\metals\cache\bsp.trace.json[0m
[0m2021.04.25 22:38:01 INFO  time: Connected to build server in 3.34s[0m
[0m2021.04.25 22:38:01 INFO  Connected to Build server: Bloop v1.4.8-19-4d9f966b[0m
[0m2021.04.25 22:38:04 INFO  no build target: using presentation compiler with only scala-library: 2.12.13[0m
[0m2021.04.25 22:38:04 ERROR Empty build targets. Expected at least one build target identifier.[0m
[0m2021.04.25 22:38:04 ERROR Empty build targets. Expected at least one build target identifier.[0m
[0m2021.04.25 22:38:04 ERROR Empty build targets. Expected at least one build target identifier.[0m
[0m2021.04.25 22:38:04 INFO  time: Imported build in 0.16s[0m
[0m2021.04.25 22:38:11 INFO  shutting down Metals[0m
[0m2021.04.25 22:38:11 INFO  Shut down connection with build server.[0m
No more data in the client stdin, exiting...
No more data in the server stdin, exiting...
[0m2021.04.25 22:38:12 WARN  Could not find java sources in None. Java symbols will not be available.[0m
[0m2021.04.25 22:38:12 INFO  time: indexed workspace in 8.24s[0m
[0m2021.04.25 22:38:12 WARN  no build target for: C:\Users\koolm\Desktop\Scala_FP_Tasks\Learning-Journey-2\Task5.scala[0m
[0m2021.04.25 22:38:12 INFO  no build target: using presentation compiler with only scala-library: 2.12.13[0m
[0m2021.04.25 22:38:14 INFO  time: code lens generation in 14s[0m
